<?xml version="1.0" encoding="UTF-8"?>
<testsuite xmlns:xsi="http://www.w3.org/2001/XMLSchema-instance" xsi:noNamespaceSchemaLocation="https://maven.apache.org/surefire/maven-surefire-plugin/xsd/surefire-test-report-3.0.xsd" version="3.0" name="com.cars24.tests.SeleniumE2ETest" time="10.034" tests="6" errors="0" skipped="0" failures="0">
  <properties>
[...]
</properties>
  <testcase name="testRegistration" classname="com.cars24.tests.SeleniumE2ETest" time="1.865">
    <system-out><![CDATA[1. Testing Registration UI...
✅ Registration Successful: Redirected to /login
]]></system-out>
    <system-err><![CDATA[SLF4J: Failed to load class "org.slf4j.impl.StaticLoggerBinder".
SLF4J: Defaulting to no-operation (NOP) logger implementation
SLF4J: See http://www.slf4j.org/codes.html#StaticLoggerBinder for further details.
Jun 19, 2026 9:33:12 PM org.openqa.selenium.devtools.CdpVersionFinder findNearestMatch
WARNING: Unable to find CDP implementation matching 149
Jun 19, 2026 9:33:12 PM org.openqa.selenium.chromium.ChromiumDriver lambda$new$5
WARNING: Unable to find version of CDP to use for 149.0.7827.115. You may need to include a dependency on a specific version of the CDP using something similar to `org.seleniumhq.selenium:selenium-devtools-v86:4.16.1` where the version ("v86") matches the version of the chromium-based browser you're using and the version number of the artifact is the same as Selenium's.
]]></system-err>
  </testcase>
  <testcase name="testLogin" classname="com.cars24.tests.SeleniumE2ETest" time="0.745">
    <system-out><![CDATA[
2. Testing Login UI...
✅ Login Successful: Redirected to /dealers dashboard
]]></system-out>
  </testcase>
  <testcase name="testGetCars" classname="com.cars24.tests.SeleniumE2ETest" time="0.647">
    <system-out><![CDATA[
3. Testing Get Cars UI...
✅ Get Cars Successful: Found 18 cars on dashboard
]]></system-out>
  </testcase>
  <testcase name="testAddCar" classname="com.cars24.tests.SeleniumE2ETest" time="1.692">
    <system-out><![CDATA[
4. Testing Add Car UI...
✅ Add Car Successful: Redirected to /dealer-cars
]]></system-out>
  </testcase>
  <testcase name="testEditCar" classname="com.cars24.tests.SeleniumE2ETest" time="1.335">
    <system-out><![CDATA[
5. Testing Edit Car UI...
✅ Edit Car Successful: Price updated and redirected to /dealer-cars
]]></system-out>
  </testcase>
  <testcase name="testDeleteCar" classname="com.cars24.tests.SeleniumE2ETest" time="0.124">
    <system-out><![CDATA[
6. Testing Delete Car UI...
✅ Delete Car Successful: Car removed from inventory page.
]]></system-out>
  </testcase>
</testsuite>