<?xml version="1.0" encoding="UTF-8"?>
<testng-results ignored="0" total="6" passed="6" failed="0" skipped="0">
  <reporter-output>
  </reporter-output>
  <suite started-at="2026-06-19T21:33:09 IST" name="Surefire suite" finished-at="2026-06-19T21:33:19 IST" duration-ms="9733">
    <groups>
    </groups>
    <test started-at="2026-06-19T21:33:09 IST" name="Surefire test" finished-at="2026-06-19T21:33:19 IST" duration-ms="9733">
      <class name="com.cars24.tests.SeleniumE2ETest">
        <test-method is-config="true" signature="setUp()[pri:0, instance:com.cars24.tests.SeleniumE2ETest@c8e4bb0]" started-at="2026-06-19T21:33:09 IST" name="setUp" finished-at="2026-06-19T21:33:12 IST" duration-ms="3183" status="PASS">
          <reporter-output>
          </reporter-output>
        </test-method> <!-- setUp -->
        <test-method signature="testRegistration()[pri:1, instance:com.cars24.tests.SeleniumE2ETest@c8e4bb0]" started-at="2026-06-19T21:33:12 IST" name="testRegistration" finished-at="2026-06-19T21:33:14 IST" duration-ms="1861" status="PASS">
          <reporter-output>
          </reporter-output>
        </test-method> <!-- testRegistration -->
        <test-method signature="testLogin()[pri:2, instance:com.cars24.tests.SeleniumE2ETest@c8e4bb0]" started-at="2026-06-19T21:33:14 IST" name="testLogin" finished-at="2026-06-19T21:33:15 IST" depends-on-methods="com.cars24.tests.SeleniumE2ETest.testRegistration" duration-ms="764" status="PASS">
          <reporter-output>
          </reporter-output>
        </test-method> <!-- testLogin -->
        <test-method signature="testGetCars()[pri:3, instance:com.cars24.tests.SeleniumE2ETest@c8e4bb0]" started-at="2026-06-19T21:33:15 IST" name="testGetCars" finished-at="2026-06-19T21:33:16 IST" depends-on-methods="com.cars24.tests.SeleniumE2ETest.testLogin" duration-ms="648" status="PASS">
          <reporter-output>
          </reporter-output>
        </test-method> <!-- testGetCars -->
        <test-method signature="testAddCar()[pri:4, instance:com.cars24.tests.SeleniumE2ETest@c8e4bb0]" started-at="2026-06-19T21:33:16 IST" name="testAddCar" finished-at="2026-06-19T21:33:17 IST" depends-on-methods="com.cars24.tests.SeleniumE2ETest.testLogin" duration-ms="1691" status="PASS">
          <reporter-output>
          </reporter-output>
        </test-method> <!-- testAddCar -->
        <test-method signature="testEditCar()[pri:5, instance:com.cars24.tests.SeleniumE2ETest@c8e4bb0]" started-at="2026-06-19T21:33:17 IST" name="testEditCar" finished-at="2026-06-19T21:33:19 IST" depends-on-methods="com.cars24.tests.SeleniumE2ETest.testAddCar" duration-ms="1336" status="PASS">
          <reporter-output>
          </reporter-output>
        </test-method> <!-- testEditCar -->
        <test-method signature="testDeleteCar()[pri:6, instance:com.cars24.tests.SeleniumE2ETest@c8e4bb0]" started-at="2026-06-19T21:33:19 IST" name="testDeleteCar" finished-at="2026-06-19T21:33:19 IST" depends-on-methods="com.cars24.tests.SeleniumE2ETest.testEditCar" duration-ms="124" status="PASS">
          <reporter-output>
          </reporter-output>
        </test-method> <!-- testDeleteCar -->
        <test-method is-config="true" signature="tearDown()[pri:0, instance:com.cars24.tests.SeleniumE2ETest@c8e4bb0]" started-at="2026-06-19T21:33:19 IST" name="tearDown" finished-at="2026-06-19T21:33:19 IST" duration-ms="97" status="PASS">
          <reporter-output>
          </reporter-output>
        </test-method> <!-- tearDown -->
      </class> <!-- com.cars24.tests.SeleniumE2ETest -->
    </test> <!-- Surefire test -->
  </suite> <!-- Surefire suite -->
</testng-results>
