<?xml version="1.0" encoding="UTF-8"?>
<!-- Generated by org.testng.reporters.JUnitReportReporter -->
<testsuite hostname="Badimis-MacBook-Air.local" failures="0" tests="6" name="com.cars24.tests.SeleniumE2ETest" time="6.424" errors="0" timestamp="2026-06-19T21:33:19 IST" skipped="0">
  <testcase classname="com.cars24.tests.SeleniumE2ETest" name="testRegistration" time="1.861"/>
  <testcase classname="com.cars24.tests.SeleniumE2ETest" name="testLogin" time="0.764"/>
  <testcase classname="com.cars24.tests.SeleniumE2ETest" name="testGetCars" time="0.648"/>
  <testcase classname="com.cars24.tests.SeleniumE2ETest" name="testAddCar" time="1.691"/>
  <testcase classname="com.cars24.tests.SeleniumE2ETest" name="testEditCar" time="1.336"/>
  <testcase classname="com.cars24.tests.SeleniumE2ETest" name="testDeleteCar" time="0.124"/>
</testsuite> <!-- com.cars24.tests.SeleniumE2ETest -->
